<?xml version="1.0" encoding="UTF-8"?>
<!-- Generated by org.testng.reporters.JUnitXMLReporter -->
<testsuite hostname="DESKTOP-D5401R0" ignored="0" name="Test" tests="2" failures="1" timestamp="10 Jul 2021 07:30:35 GMT" time="8.707" errors="0">
  <testcase name="screen" time="4.636" classname="com.ListenerDemo.DemoTest">
    <failure type="java.lang.AssertionError" message="expected [JavaByKiran | Log in] but found [JavaByKiran | Dashboard]">
      <![CDATA[java.lang.AssertionError: expected [JavaByKiran | Log in] but found [JavaByKiran | Dashboard]
	at com.ListenerDemo.DemoTest.screen(DemoTest.java:100)
... Removed 31 stack frames]]>
    </failure>
  </testcase> <!-- screen -->
  <testcase name="screenShot" time="3.776" classname="com.ListenerDemo.DemoTest"/>
</testsuite> <!-- Test -->
