<?xml version="1.0" encoding="UTF-8"?>
<testng-results skipped="0" failed="0" ignored="0" total="1" passed="1">
  <reporter-output>
  </reporter-output>
  <suite name="Default suite" duration-ms="5765" started-at="2021-07-22T14:05:42Z" finished-at="2021-07-22T14:05:48Z">
    <groups>
    </groups>
    <test name="Default test" duration-ms="5765" started-at="2021-07-22T14:05:42Z" finished-at="2021-07-22T14:05:48Z">
      <class name="com.pages.WindowHandler">
        <test-method status="PASS" signature="setUp()[pri:0, instance:com.pages.WindowHandler@59f99ea]" name="setUp" is-config="true" duration-ms="3092" started-at="2021-07-22T19:35:42Z" finished-at="2021-07-22T19:35:45Z">
          <reporter-output>
          </reporter-output>
        </test-method> <!-- setUp -->
        <test-method status="PASS" signature="handleWindows()[pri:0, instance:com.pages.WindowHandler@59f99ea]" name="handleWindows" duration-ms="2654" started-at="2021-07-22T19:35:45Z" finished-at="2021-07-22T19:35:48Z">
          <reporter-output>
          </reporter-output>
        </test-method> <!-- handleWindows -->
      </class> <!-- com.pages.WindowHandler -->
    </test> <!-- Default test -->
  </suite> <!-- Default suite -->
</testng-results>
